<?xml version="1.0" encoding="UTF-8"?>
<!-- Generated by org.testng.reporters.JUnitReportReporter -->
<testsuite hostname="WKWIN2804049" failures="0" tests="1" name="Day4.TestNGParameterization" time="6.019" errors="0" timestamp="2022-01-19T22:35:54 IST" skipped="0">
  <testcase classname="Day4.TestNGParameterization" name="setup" time="6.019"/>
  <system-out/>
</testsuite> <!-- Day4.TestNGParameterization -->
